<?xml version="1.0" encoding="UTF-8"?>
<testng-results ignored="0" total="1" passed="1" failed="0" skipped="0">
  <reporter-output>
  </reporter-output>
  <suite started-at="2023-11-08T11:53:45 BDT" name="Default suite" finished-at="2023-11-08T11:54:07 BDT" duration-ms="22399">
    <groups>
    </groups>
    <test started-at="2023-11-08T11:53:45 BDT" name="Default test" finished-at="2023-11-08T11:54:07 BDT" duration-ms="22399">
      <class name="org.example.PracticeLocator.performScrollingUsingJS">
        <test-method is-config="true" signature="setDriver()[pri:0, instance:org.example.PracticeLocator.performScrollingUsingJS@700fb871]" started-at="2023-11-08T11:53:45 BDT" name="setDriver" finished-at="2023-11-08T11:53:51 BDT" duration-ms="5928" status="PASS">
          <reporter-output>
          </reporter-output>
        </test-method> <!-- setDriver -->
        <test-method signature="testJSexecute()[pri:0, instance:org.example.PracticeLocator.performScrollingUsingJS@700fb871]" started-at="2023-11-08T11:53:51 BDT" name="testJSexecute" finished-at="2023-11-08T11:54:07 BDT" duration-ms="16078" status="PASS">
          <reporter-output>
          </reporter-output>
        </test-method> <!-- testJSexecute -->
        <test-method is-config="true" signature="closeDriver()[pri:0, instance:org.example.PracticeLocator.performScrollingUsingJS@700fb871]" started-at="2023-11-08T11:54:07 BDT" name="closeDriver" finished-at="2023-11-08T11:54:07 BDT" duration-ms="251" status="PASS">
          <reporter-output>
          </reporter-output>
        </test-method> <!-- closeDriver -->
      </class> <!-- org.example.PracticeLocator.performScrollingUsingJS -->
    </test> <!-- Default test -->
  </suite> <!-- Default suite -->
</testng-results>
