<?xml version="1.0" encoding="UTF-8"?>
<testng-results ignored="0" total="1" passed="1" failed="0" skipped="0">
  <reporter-output>
  </reporter-output>
  <suite started-at="2023-11-10T00:36:14 BDT" name="Default suite" finished-at="2023-11-10T00:36:27 BDT" duration-ms="13283">
    <groups>
    </groups>
    <test started-at="2023-11-10T00:36:14 BDT" name="Default test" finished-at="2023-11-10T00:36:27 BDT" duration-ms="13283">
      <class name="org.example.PracticeLocator.DifferentWait">
        <test-method is-config="true" signature="setDriver()[pri:0, instance:org.example.PracticeLocator.DifferentWait@700fb871]" started-at="2023-11-10T00:36:14 BDT" name="setDriver" finished-at="2023-11-10T00:36:20 BDT" duration-ms="6512" status="PASS">
          <reporter-output>
          </reporter-output>
        </test-method> <!-- setDriver -->
        <test-method signature="testWait()[pri:0, instance:org.example.PracticeLocator.DifferentWait@700fb871]" started-at="2023-11-10T00:36:20 BDT" name="testWait" finished-at="2023-11-10T00:36:27 BDT" duration-ms="6342" status="PASS">
          <reporter-output>
          </reporter-output>
        </test-method> <!-- testWait -->
        <test-method is-config="true" signature="closeDriver()[pri:0, instance:org.example.PracticeLocator.DifferentWait@700fb871]" started-at="2023-11-10T00:36:27 BDT" name="closeDriver" finished-at="2023-11-10T00:36:27 BDT" duration-ms="343" status="PASS">
          <reporter-output>
          </reporter-output>
        </test-method> <!-- closeDriver -->
      </class> <!-- org.example.PracticeLocator.DifferentWait -->
    </test> <!-- Default test -->
  </suite> <!-- Default suite -->
</testng-results>
