<?xml version="1.0" encoding="UTF-8"?>
<!-- Generated by org.testng.reporters.JUnitXMLReporter -->
<testsuite ignored="1" hostname="DESKTOP-7VDIHJA" failures="0" tests="1" name="Default test" time="34.337" errors="0" timestamp="2023-11-07T01:30:16 BDT">
  <testcase classname="org.example.PracticeLocator.testActions" name="testMulti" time="32.04"/>
  <testcase classname="org.example.PracticeLocator.testActions" name="testHover" time="0.0">
    <ignored/>
  </testcase> <!-- testHover -->
</testsuite> <!-- Default test -->
